[2411월2025 20:50:56.009] [main/INFO] [cpw.mods.modlauncher.Launcher/MODLAUNCHER]: ModLauncher running: args [--launchTarget, forgeclientdev, --version, 21.1.215, --assetIndex, 17, --assetsDir, C:\\Users\\JY\\.gradle\\caches\\neoformruntime\\assets, --gameDir, ., --fml.fmlVersion, 4.0.42, --fml.mcVersion, 1.21.1, --fml.neoForgeVersion, 21.1.215, --fml.neoFormVersion, 20240808.144430]
[2411월2025 20:50:56.011] [main/INFO] [cpw.mods.modlauncher.Launcher/MODLAUNCHER]: JVM identified as Eclipse Adoptium OpenJDK 64-Bit Server VM 21.0.7+6-LTS
[2411월2025 20:50:56.013] [main/INFO] [cpw.mods.modlauncher.Launcher/MODLAUNCHER]: ModLauncher 11.0.5+main.901c6ea8 starting: java version 21.0.7 by Eclipse Adoptium; OS Windows 10 arch amd64 version 10.0
[2411월2025 20:50:56.078] [main/INFO] [net.neoforged.fml.loading.ImmediateWindowHandler/]: Loading ImmediateWindowProvider fmlearlywindow
[2411월2025 20:50:56.144] [main/INFO] [EARLYDISPLAY/]: Trying GL version 4.6
[2411월2025 20:50:56.219] [main/INFO] [EARLYDISPLAY/]: Requested GL version 4.6 got version 4.6
[2411월2025 20:50:56.321] [main/INFO] [mixin/]: SpongePowered MIXIN Subsystem Version=0.8.7 Source=union:/C:/Users/JY/.gradle/caches/modules-2/files-2.1/net.fabricmc/sponge-mixin/0.15.2+mixin.0.8.7/2af2f021d8e02a0220dc27a7a72b4666d66d44ca/sponge-mixin-0.15.2+mixin.0.8.7.jar%23138!/ Service=ModLauncher Env=CLIENT
[2411월2025 20:50:56.452] [pool-2-thread-1/INFO] [EARLYDISPLAY/]: GL info: NVIDIA GeForce RTX 4060 Ti/PCIe/SSE2 GL version 4.6.0 NVIDIA 560.94, NVIDIA Corporation
[2411월2025 20:50:56.603] [main/INFO] [net.neoforged.fml.loading.moddiscovery.locators.JarInJarDependencyLocator/]: Found 2 dependencies adding them to mods collection
[2411월2025 20:50:56.604] [main/INFO] [net.neoforged.fml.loading.moddiscovery.ModDiscoverer/]: 
     Mod List:
		Name Version (Mod Id)

		akaimage 1.0-SNAPSHOT (akaimage)
		Minecraft 1.21.1 (minecraft)
		NeoForge 21.1.215 (neoforge)
[2411월2025 20:50:57.074] [main/INFO] [cpw.mods.modlauncher.LaunchServiceHandler/MODLAUNCHER]: Launching target 'forgeclientdev' with arguments [--version, 21.1.215, --gameDir, ., --assetsDir, C:\Users\JY\.gradle\caches\neoformruntime\assets, --assetIndex, 17]
[2411월2025 20:50:57.924] [Datafixer Bootstrap/INFO] [com.mojang.datafixers.DataFixerBuilder/]: 229 Datafixer optimizations took 117 milliseconds
[2411월2025 20:50:58.131] [pool-7-thread-1/INFO] [MixinExtras|Service/]: Initializing MixinExtras via com.llamalad7.mixinextras.service.MixinExtrasServiceImpl(version=0.5.0).
[2411월2025 20:51:00.555] [main/WARN] [net.minecraft.commands.Commands/]: Ambiguity between arguments [teleport, location] and [teleport, destination] with inputs: [0.1 -0.5 .9, 0 0 0]
[2411월2025 20:51:00.556] [main/WARN] [net.minecraft.commands.Commands/]: Ambiguity between arguments [teleport, location] and [teleport, targets] with inputs: [0.1 -0.5 .9, 0 0 0]
[2411월2025 20:51:00.557] [main/WARN] [net.minecraft.commands.Commands/]: Ambiguity between arguments [teleport, destination] and [teleport, targets] with inputs: [Player, 0123, @e, dd12be42-52a9-4a91-a8a1-11c01849e498]
[2411월2025 20:51:00.558] [main/WARN] [net.minecraft.commands.Commands/]: Ambiguity between arguments [teleport, targets] and [teleport, destination] with inputs: [Player, 0123, dd12be42-52a9-4a91-a8a1-11c01849e498]
[2411월2025 20:51:00.558] [main/WARN] [net.minecraft.commands.Commands/]: Ambiguity between arguments [teleport, targets, location] and [teleport, targets, destination] with inputs: [0.1 -0.5 .9, 0 0 0]
[2411월2025 20:51:00.621] [Render thread/WARN] [net.minecraft.server.packs.VanillaPackResourcesBuilder/]: Assets URL 'union:/C:/Users/JY/Documents/.study_aca/akaimage/build/moddev/artifacts/neoforge-21.1.215.jar%23189!/assets/.mcassetsroot' uses unexpected schema
[2411월2025 20:51:00.621] [Render thread/WARN] [net.minecraft.server.packs.VanillaPackResourcesBuilder/]: Assets URL 'union:/C:/Users/JY/Documents/.study_aca/akaimage/build/moddev/artifacts/neoforge-21.1.215.jar%23189!/data/.mcassetsroot' uses unexpected schema
[2411월2025 20:51:00.636] [Render thread/INFO] [com.mojang.authlib.yggdrasil.YggdrasilAuthenticationService/]: Environment: Environment[sessionHost=https://sessionserver.mojang.com, servicesHost=https://api.minecraftservices.com, name=PROD]
[2411월2025 20:51:00.640] [Render thread/INFO] [net.minecraft.client.Minecraft/]: Setting user: Dev
[2411월2025 20:51:00.685] [Render thread/INFO] [net.minecraft.client.Minecraft/]: Backend library: LWJGL version 3.3.3+5
[2411월2025 20:51:00.810] [modloading-worker-0/INFO] [net.neoforged.neoforge.common.NeoForgeMod/NEOFORGE-MOD]: NeoForge mod loading, version 21.1.215, for MC 1.21.1
[2411월2025 20:51:01.339] [Render thread/INFO] [net.neoforged.neoforge.gametest.GameTestHooks/]: Enabled Gametest Namespaces: [akaimage]
[2411월2025 20:51:01.432] [Render thread/INFO] [net.minecraft.server.packs.resources.ReloadableResourceManager/]: Reloading ResourceManager: vanilla, mod_resources, mod/akaimage, mod/neoforge
[2411월2025 20:51:01.511] [Worker-Main-1/INFO] [net.minecraft.client.gui.font.providers.UnihexProvider/]: Found unifont_all_no_pua-15.1.05.hex, loading
[2411월2025 20:51:01.511] [Worker-Main-13/INFO] [net.minecraft.client.gui.font.providers.UnihexProvider/]: Found unifont_jp_patch-15.1.05.hex, loading
[2411월2025 20:51:02.211] [Render thread/WARN] [net.minecraft.client.sounds.SoundEngine/]: Missing sound for event: minecraft:item.goat_horn.play
[2411월2025 20:51:02.211] [Render thread/WARN] [net.minecraft.client.sounds.SoundEngine/]: Missing sound for event: minecraft:entity.goat.screaming.horn_break
[2411월2025 20:51:02.251] [Render thread/INFO] [com.mojang.blaze3d.audio.Library/]: OpenAL initialized on device OpenAL Soft on 스피커(2- AZLA-CX31993)
[2411월2025 20:51:02.251] [Render thread/INFO] [net.minecraft.client.sounds.SoundEngine/SOUNDS]: Sound engine started
[2411월2025 20:51:02.318] [Render thread/INFO] [net.minecraft.client.renderer.texture.TextureAtlas/]: Created: 1024x512x4 minecraft:textures/atlas/blocks.png-atlas
[2411월2025 20:51:02.322] [Render thread/INFO] [net.minecraft.client.renderer.texture.TextureAtlas/]: Created: 256x256x4 minecraft:textures/atlas/signs.png-atlas
[2411월2025 20:51:02.322] [Render thread/INFO] [net.minecraft.client.renderer.texture.TextureAtlas/]: Created: 512x512x4 minecraft:textures/atlas/shield_patterns.png-atlas
[2411월2025 20:51:02.323] [Render thread/INFO] [net.minecraft.client.renderer.texture.TextureAtlas/]: Created: 512x512x4 minecraft:textures/atlas/banner_patterns.png-atlas
[2411월2025 20:51:02.323] [Render thread/INFO] [net.minecraft.client.renderer.texture.TextureAtlas/]: Created: 1024x1024x4 minecraft:textures/atlas/armor_trims.png-atlas
[2411월2025 20:51:02.325] [Render thread/INFO] [net.minecraft.client.renderer.texture.TextureAtlas/]: Created: 256x256x4 minecraft:textures/atlas/chest.png-atlas
[2411월2025 20:51:02.325] [Render thread/INFO] [net.minecraft.client.renderer.texture.TextureAtlas/]: Created: 128x64x4 minecraft:textures/atlas/decorated_pot.png-atlas
[2411월2025 20:51:02.325] [Render thread/INFO] [net.minecraft.client.renderer.texture.TextureAtlas/]: Created: 512x256x4 minecraft:textures/atlas/beds.png-atlas
[2411월2025 20:51:02.325] [Render thread/INFO] [net.minecraft.client.renderer.texture.TextureAtlas/]: Created: 512x256x4 minecraft:textures/atlas/shulker_boxes.png-atlas
[2411월2025 20:51:02.420] [Render thread/INFO] [net.minecraft.client.renderer.texture.TextureAtlas/]: Created: 512x256x0 minecraft:textures/atlas/particles.png-atlas
[2411월2025 20:51:02.421] [Render thread/INFO] [net.minecraft.client.renderer.texture.TextureAtlas/]: Created: 512x256x0 minecraft:textures/atlas/paintings.png-atlas
[2411월2025 20:51:02.421] [Render thread/INFO] [net.minecraft.client.renderer.texture.TextureAtlas/]: Created: 256x128x0 minecraft:textures/atlas/mob_effects.png-atlas
[2411월2025 20:51:02.421] [Render thread/INFO] [net.minecraft.client.renderer.texture.TextureAtlas/]: Created: 64x64x0 minecraft:textures/atlas/map_decorations.png-atlas
[2411월2025 20:51:02.421] [Render thread/INFO] [net.minecraft.client.renderer.texture.TextureAtlas/]: Created: 1024x512x0 minecraft:textures/atlas/gui.png-atlas
[2411월2025 20:51:02.436] [Render thread/WARN] [net.minecraft.client.renderer.ShaderInstance/]: Shader rendertype_entity_translucent_emissive could not find sampler named Sampler2 in the specified shader program.
[2411월2025 20:51:02.469] [Render thread/INFO] [net.neoforged.neoforge.client.entity.animation.json.AnimationLoader/]: Loaded 0 entity animations
[2411월2025 20:51:08.229] [Render thread/INFO] [net.minecraft.world.item.crafting.RecipeManager/]: Loaded 1290 recipes
[2411월2025 20:51:08.300] [Render thread/INFO] [net.minecraft.advancements.AdvancementTree/]: Loaded 1399 advancements
[2411월2025 20:51:08.527] [Server thread/INFO] [net.minecraft.client.server.IntegratedServer/]: Starting integrated minecraft server version 1.21.1
[2411월2025 20:51:08.527] [Server thread/INFO] [net.minecraft.server.MinecraftServer/]: Generating keypair
[2411월2025 20:51:08.959] [Server thread/INFO] [net.minecraft.server.MinecraftServer/]: Preparing start region for dimension minecraft:overworld
[2411월2025 20:51:09.099] [progressListener/INFO] [net.minecraft.server.level.progress.LoggerChunkProgressListener/]: 스폰 영역 준비 중: 0%
[2411월2025 20:51:09.137] [progressListener/INFO] [net.minecraft.server.level.progress.LoggerChunkProgressListener/]: Time elapsed: 166 ms
[2411월2025 20:51:09.138] [Server thread/INFO] [net.neoforged.neoforge.server.permission.PermissionAPI/]: Successfully initialized permission handler neoforge:default_handler
[2411월2025 20:51:09.211] [Server thread/INFO] [net.minecraft.client.server.IntegratedServer/]: Changing view distance to 12, from 10
[2411월2025 20:51:09.211] [Server thread/INFO] [net.minecraft.client.server.IntegratedServer/]: Changing simulation distance to 12, from 0
[2411월2025 20:51:09.623] [Server thread/INFO] [net.minecraft.server.players.PlayerList/]: Dev[local:E:9d85bb5e] logged in with entity id 12 at (1.9386484172212115, 82.0, 69.78237543900993)
[2411월2025 20:51:09.668] [Server thread/INFO] [net.minecraft.server.MinecraftServer/]: Dev이(가) 게임에 참여했습니다
[2411월2025 20:51:09.838] [Render thread/INFO] [net.minecraft.advancements.AdvancementTree/]: Loaded 2 advancements
[2411월2025 20:51:14.140] [Server thread/INFO] [net.minecraft.server.MinecraftServer/]: [Dev: [AkaImage] 화면 송출: test2]
[2411월2025 20:51:14.149] [Render thread/INFO] [net.minecraft.client.gui.components.ChatComponent/]: [System] [CHAT] [AkaImage] 화면 송출: test2
[2411월2025 20:52:45.750] [Server thread/INFO] [net.minecraft.client.server.IntegratedServer/]: Saving and pausing game...
[2411월2025 20:52:45.766] [Server thread/INFO] [net.minecraft.server.MinecraftServer/]: Saving chunks for level 'ServerLevel[New World]'/minecraft:overworld
[2411월2025 20:52:45.774] [Server thread/INFO] [net.minecraft.server.MinecraftServer/]: Saving chunks for level 'ServerLevel[New World]'/minecraft:the_end
[2411월2025 20:52:45.774] [Server thread/INFO] [net.minecraft.server.MinecraftServer/]: Saving chunks for level 'ServerLevel[New World]'/minecraft:the_nether
[2411월2025 20:52:48.848] [Render thread/INFO] [net.minecraft.client.Minecraft/]: Stopping!
[2411월2025 20:52:48.904] [Server thread/INFO] [net.minecraft.server.network.ServerGamePacketListenerImpl/]: Dev lost connection: 연결 끊김
[2411월2025 20:52:48.904] [Server thread/INFO] [net.minecraft.server.MinecraftServer/]: Dev이(가) 게임을 떠났습니다
[2411월2025 20:52:48.911] [Server thread/INFO] [net.minecraft.server.network.ServerCommonPacketListenerImpl/]: Stopping singleplayer server as player logged out
[2411월2025 20:52:48.951] [Server thread/INFO] [net.minecraft.server.MinecraftServer/]: Stopping server
[2411월2025 20:52:48.951] [Server thread/INFO] [net.minecraft.server.MinecraftServer/]: Saving players
[2411월2025 20:52:48.951] [Server thread/INFO] [net.minecraft.server.MinecraftServer/]: Saving worlds
[2411월2025 20:52:49.026] [Server thread/INFO] [net.minecraft.server.MinecraftServer/]: Saving chunks for level 'ServerLevel[New World]'/minecraft:overworld
[2411월2025 20:52:49.067] [Server thread/INFO] [net.minecraft.server.MinecraftServer/]: Saving chunks for level 'ServerLevel[New World]'/minecraft:the_end
[2411월2025 20:52:49.073] [Server thread/INFO] [net.minecraft.server.MinecraftServer/]: Saving chunks for level 'ServerLevel[New World]'/minecraft:the_nether
[2411월2025 20:52:49.083] [Server thread/INFO] [net.minecraft.server.MinecraftServer/]: ThreadedAnvilChunkStorage (New World): All chunks are saved
[2411월2025 20:52:49.083] [Server thread/INFO] [net.minecraft.server.MinecraftServer/]: ThreadedAnvilChunkStorage (DIM1): All chunks are saved
[2411월2025 20:52:49.083] [Server thread/INFO] [net.minecraft.server.MinecraftServer/]: ThreadedAnvilChunkStorage (DIM-1): All chunks are saved
[2411월2025 20:52:49.083] [Server thread/INFO] [net.minecraft.server.MinecraftServer/]: ThreadedAnvilChunkStorage: All dimensions are saved
